<?xml version="1.0" encoding="UTF-8"?>
<!-- Generated by org.testng.reporters.JUnitReportReporter -->
<testsuite hostname="DESKTOP-1BCGUCT" failures="0" tests="1" name="com.testcase.TC1_SignPageValidation" time="79.335" errors="0" timestamp="28 Feb 2021 05:53:21 GMT" skipped="0">
  <testcase classname="com.testcase.TC1_SignPageValidation" name="signPageDisplayed" time="79.335"/>
</testsuite> <!-- com.testcase.TC1_SignPageValidation -->
